<?xml version="1.0" encoding="UTF-8"?>
<!-- Generated by org.testng.reporters.JUnitXMLReporter -->
<testsuite ignored="2" hostname="LAPTOP-SG0J3C1S" failures="0" tests="9" name="Default test" time="36.885" errors="0" timestamp="2026-03-19T10:48:14 EET">
  <testcase classname="first_project_psut.Home_Page" name="ShowTestIntroInBrowser" time="7.244"/>
  <testcase classname="first_project_psut.Home_Page" name="Add_data" time="0.017"/>
  <testcase classname="first_project_psut.Home_Page" name="read_data" time="0.095"/>
  <testcase classname="first_project_psut.Home_Page" name="signupwithdatabase" time="10.048"/>
  <testcase classname="first_project_psut.Home_Page" name="logout" time="1.891"/>
  <testcase classname="first_project_psut.Home_Page" name="login" time="2.673"/>
  <testcase classname="first_project_psut.Home_Page" name="AddRandomItem" time="3.475"/>
  <testcase classname="first_project_psut.Home_Page" name="AddRandomItem" time="3.582"/>
  <testcase classname="first_project_psut.Home_Page" name="cartpage" time="2.79"/>
  <testcase classname="first_project_psut.Home_Page" name="update_data" time="0.0">
    <ignored/>
  </testcase> <!-- update_data -->
  <testcase classname="first_project_psut.Home_Page" name="delete_data" time="0.0">
    <ignored/>
  </testcase> <!-- delete_data -->
</testsuite> <!-- Default test -->
