<?xml version="1.0" encoding="UTF-8"?>
<!-- Generated by org.testng.reporters.JUnitXMLReporter -->
<testsuite ignored="6" hostname="LAPTOP-SG0J3C1S" failures="0" tests="3" name="Default test" time="8.844" errors="0" timestamp="2026-02-24T03:58:04 EET">
  <testcase classname="first_project_psut.Home_Page" name="read_data" time="0.114"/>
  <testcase classname="first_project_psut.Home_Page" name="logout" time="0.656"/>
  <testcase classname="first_project_psut.Home_Page" name="login" time="1.552"/>
  <testcase classname="first_project_psut.Home_Page" name="AddRandomItem" time="0.0">
    <ignored/>
  </testcase> <!-- AddRandomItem -->
  <testcase classname="first_project_psut.Home_Page" name="update_data" time="0.0">
    <ignored/>
  </testcase> <!-- update_data -->
  <testcase classname="first_project_psut.Home_Page" name="signupwithdatabase" time="0.0">
    <ignored/>
  </testcase> <!-- signupwithdatabase -->
  <testcase classname="first_project_psut.Home_Page" name="cartpage" time="0.0">
    <ignored/>
  </testcase> <!-- cartpage -->
  <testcase classname="first_project_psut.Home_Page" name="delete_data" time="0.0">
    <ignored/>
  </testcase> <!-- delete_data -->
  <testcase classname="first_project_psut.Home_Page" name="Add_data" time="0.0">
    <ignored/>
  </testcase> <!-- Add_data -->
</testsuite> <!-- Default test -->
