<?xml version="1.0" encoding="UTF-8"?>
<testng-results ignored="6" total="9" passed="3" failed="0" skipped="0">
  <reporter-output>
  </reporter-output>
  <suite started-at="2026-02-24T03:57:55 EET" name="Default suite" finished-at="2026-02-24T03:58:04 EET" duration-ms="8844">
    <groups>
    </groups>
    <test started-at="2026-02-24T03:57:55 EET" name="Default test" finished-at="2026-02-24T03:58:04 EET" duration-ms="8844">
      <class name="first_project_psut.Home_Page">
        <test-method is-config="true" signature="setup()[pri:0, instance:first_project_psut.Home_Page@5b068087]" started-at="2026-02-24T03:57:55 EET" name="setup" finished-at="2026-02-24T03:57:58 EET" duration-ms="3198" status="PASS">
          <reporter-output>
          </reporter-output>
        </test-method> <!-- setup -->
        <test-method signature="read_data()[pri:2, instance:first_project_psut.Home_Page@5b068087]" started-at="2026-02-24T03:57:58 EET" name="read_data" finished-at="2026-02-24T03:57:58 EET" duration-ms="114" status="PASS">
          <reporter-output>
          </reporter-output>
        </test-method> <!-- read_data -->
        <test-method signature="logout()[pri:6, instance:first_project_psut.Home_Page@5b068087]" started-at="2026-02-24T03:57:58 EET" name="logout" finished-at="2026-02-24T03:57:59 EET" duration-ms="656" status="PASS">
          <reporter-output>
          </reporter-output>
        </test-method> <!-- logout -->
        <test-method signature="login()[pri:7, instance:first_project_psut.Home_Page@5b068087]" started-at="2026-02-24T03:57:59 EET" name="login" finished-at="2026-02-24T03:58:00 EET" duration-ms="1552" status="PASS">
          <reporter-output>
          </reporter-output>
        </test-method> <!-- login -->
        <test-method is-config="true" signature="AfterTestingDone()[pri:0, instance:first_project_psut.Home_Page@5b068087]" started-at="2026-02-24T03:58:00 EET" name="AfterTestingDone" finished-at="2026-02-24T03:58:04 EET" duration-ms="3240" status="PASS">
          <reporter-output>
          </reporter-output>
        </test-method> <!-- AfterTestingDone -->
      </class> <!-- first_project_psut.Home_Page -->
    </test> <!-- Default test -->
  </suite> <!-- Default suite -->
</testng-results>
