<?xml version="1.0" encoding="UTF-8"?>
<testng-results ignored="2" total="11" passed="9" failed="0" skipped="0">
  <reporter-output>
  </reporter-output>
  <suite started-at="2026-03-19T10:47:37 EET" name="Default suite" finished-at="2026-03-19T10:48:14 EET" duration-ms="36885">
    <groups>
    </groups>
    <test started-at="2026-03-19T10:47:37 EET" name="Default test" finished-at="2026-03-19T10:48:14 EET" duration-ms="36885">
      <class name="first_project_psut.Home_Page">
        <test-method is-config="true" signature="setup()[pri:0, instance:first_project_psut.Home_Page@3a393455]" started-at="2026-03-19T10:47:37 EET" name="setup" finished-at="2026-03-19T10:47:40 EET" duration-ms="3642" status="PASS">
          <reporter-output>
          </reporter-output>
        </test-method> <!-- setup -->
        <test-method signature="ShowTestIntroInBrowser()[pri:1, instance:first_project_psut.Home_Page@3a393455]" started-at="2026-03-19T10:47:40 EET" name="ShowTestIntroInBrowser" finished-at="2026-03-19T10:47:48 EET" duration-ms="7244" status="PASS">
          <reporter-output>
          </reporter-output>
        </test-method> <!-- ShowTestIntroInBrowser -->
        <test-method signature="Add_data()[pri:2, instance:first_project_psut.Home_Page@3a393455]" started-at="2026-03-19T10:47:48 EET" name="Add_data" finished-at="2026-03-19T10:47:48 EET" duration-ms="17" status="PASS">
          <reporter-output>
          </reporter-output>
        </test-method> <!-- Add_data -->
        <test-method signature="read_data()[pri:3, instance:first_project_psut.Home_Page@3a393455]" started-at="2026-03-19T10:47:48 EET" name="read_data" finished-at="2026-03-19T10:47:48 EET" duration-ms="95" status="PASS">
          <reporter-output>
          </reporter-output>
        </test-method> <!-- read_data -->
        <test-method signature="signupwithdatabase()[pri:4, instance:first_project_psut.Home_Page@3a393455]" started-at="2026-03-19T10:47:48 EET" name="signupwithdatabase" finished-at="2026-03-19T10:47:58 EET" duration-ms="10048" status="PASS">
          <reporter-output>
          </reporter-output>
        </test-method> <!-- signupwithdatabase -->
        <test-method signature="logout()[pri:5, instance:first_project_psut.Home_Page@3a393455]" started-at="2026-03-19T10:47:58 EET" name="logout" finished-at="2026-03-19T10:48:00 EET" duration-ms="1891" status="PASS">
          <reporter-output>
          </reporter-output>
        </test-method> <!-- logout -->
        <test-method signature="login()[pri:6, instance:first_project_psut.Home_Page@3a393455]" started-at="2026-03-19T10:48:00 EET" name="login" finished-at="2026-03-19T10:48:02 EET" duration-ms="2673" status="PASS">
          <reporter-output>
          </reporter-output>
        </test-method> <!-- login -->
        <test-method signature="AddRandomItem()[pri:7, instance:first_project_psut.Home_Page@3a393455]" started-at="2026-03-19T10:48:02 EET" name="AddRandomItem" finished-at="2026-03-19T10:48:06 EET" duration-ms="3475" status="PASS">
          <reporter-output>
          </reporter-output>
        </test-method> <!-- AddRandomItem -->
        <test-method signature="AddRandomItem()[pri:7, instance:first_project_psut.Home_Page@3a393455]" started-at="2026-03-19T10:48:06 EET" name="AddRandomItem" finished-at="2026-03-19T10:48:10 EET" duration-ms="3582" status="PASS">
          <reporter-output>
          </reporter-output>
        </test-method> <!-- AddRandomItem -->
        <test-method signature="cartpage()[pri:8, instance:first_project_psut.Home_Page@3a393455]" started-at="2026-03-19T10:48:10 EET" name="cartpage" finished-at="2026-03-19T10:48:12 EET" duration-ms="2790" status="PASS">
          <reporter-output>
          </reporter-output>
        </test-method> <!-- cartpage -->
        <test-method is-config="true" signature="AfterTestingDone()[pri:0, instance:first_project_psut.Home_Page@3a393455]" started-at="2026-03-19T10:48:12 EET" name="AfterTestingDone" finished-at="2026-03-19T10:48:14 EET" duration-ms="1314" status="PASS">
          <reporter-output>
          </reporter-output>
        </test-method> <!-- AfterTestingDone -->
      </class> <!-- first_project_psut.Home_Page -->
    </test> <!-- Default test -->
  </suite> <!-- Default suite -->
</testng-results>
