<?xml version="1.0" encoding="UTF-8"?>
<!-- Generated by org.testng.reporters.JUnitReportReporter -->
<testsuite hostname="LAPTOP-SG0J3C1S" failures="0" tests="9" name="first_project_psut.Home_Page" time="2.322" errors="0" timestamp="2026-02-24T03:58:04 EET" skipped="6">
  <testcase classname="first_project_psut.Home_Page" name="read_data" time="0.114"/>
  <testcase classname="first_project_psut.Home_Page" name="logout" time="0.656"/>
  <testcase classname="first_project_psut.Home_Page" name="login" time="1.552"/>
  <testcase classname="first_project_psut.Home_Page" name="AddRandomItem">
    <skipped/>
  </testcase> <!-- AddRandomItem -->
  <testcase classname="first_project_psut.Home_Page" name="update_data">
    <skipped/>
  </testcase> <!-- update_data -->
  <testcase classname="first_project_psut.Home_Page" name="signupwithdatabase">
    <skipped/>
  </testcase> <!-- signupwithdatabase -->
  <testcase classname="first_project_psut.Home_Page" name="cartpage">
    <skipped/>
  </testcase> <!-- cartpage -->
  <testcase classname="first_project_psut.Home_Page" name="delete_data">
    <skipped/>
  </testcase> <!-- delete_data -->
  <testcase classname="first_project_psut.Home_Page" name="Add_data">
    <skipped/>
  </testcase> <!-- Add_data -->
</testsuite> <!-- first_project_psut.Home_Page -->
