<?xml version="1.0" encoding="UTF-8"?>
<!-- Generated by org.testng.reporters.JUnitReportReporter -->
<testsuite hostname="LAPTOP-SG0J3C1S" failures="0" tests="3" name="first_project_psut.mmm" time="11.618" errors="0" timestamp="2026-02-07T05:48:13 EET" skipped="0">
  <testcase classname="first_project_psut.mmm" name="login" time="0.489"/>
  <testcase classname="first_project_psut.mmm" name="AddAllItemsToCart" time="10.509"/>
  <testcase classname="first_project_psut.mmm" name="RemoveAllItemsFromCart" time="0.620"/>
</testsuite> <!-- first_project_psut.mmm -->
